Spring test logs
dsf
sdfsdf
lkdsjlkjhdsgljlksdg
2024-07-30T11:11:39.040+03:00  INFO 31310 --- [ELK] [main] com.example.elk.ElkApplication           : Starting ElkApplication using Java 17.0.11 with PID 31310 (/home/user/IdeaProjects/ELK/target/classes started by user in /home/user/IdeaProjects/ELK)
2024-07-30T11:11:39.042+03:00  INFO 31310 --- [ELK] [main] com.example.elk.ElkApplication           : No active profile set, falling back to 1 default profile: "default"
2024-07-30T11:11:39.446+03:00  INFO 31310 --- [ELK] [main] o.s.b.w.embedded.tomcat.TomcatWebServer  : Tomcat initialized with port 8080 (http)
2024-07-30T11:11:39.451+03:00  INFO 31310 --- [ELK] [main] o.apache.catalina.core.StandardService   : Starting service [Tomcat]
2024-07-30T11:11:39.451+03:00  INFO 31310 --- [ELK] [main] o.apache.catalina.core.StandardEngine    : Starting Servlet engine: [Apache Tomcat/10.1.26]
2024-07-30T11:11:39.473+03:00  INFO 31310 --- [ELK] [main] o.a.c.c.C.[Tomcat].[localhost].[/]       : Initializing Spring embedded WebApplicationContext
2024-07-30T11:11:39.474+03:00  INFO 31310 --- [ELK] [main] w.s.c.ServletWebServerApplicationContext : Root WebApplicationContext: initialization completed in 407 ms
2024-07-30T11:11:39.632+03:00  INFO 31310 --- [ELK] [main] o.s.b.w.embedded.tomcat.TomcatWebServer  : Tomcat started on port 8080 (http) with context path '/'
2024-07-30T11:11:39.641+03:00  INFO 31310 --- [ELK] [main] com.example.elk.ElkApplication           : Started ElkApplication in 0.803 seconds (process running for 1.042)
2024-07-30T15:16:15.363+03:00  INFO 51649 --- [ELK] [main] com.example.elk.ElkApplication           : Starting ElkApplication using Java 17.0.11 with PID 51649 (/home/user/IdeaProjects/ELK/target/classes started by user in /home/user/IdeaProjects/ELK)
2024-07-30T15:16:15.365+03:00  INFO 51649 --- [ELK] [main] com.example.elk.ElkApplication           : No active profile set, falling back to 1 default profile: "default"
2024-07-30T15:16:15.754+03:00  INFO 51649 --- [ELK] [main] o.s.b.w.embedded.tomcat.TomcatWebServer  : Tomcat initialized with port 8080 (http)
2024-07-30T15:16:15.761+03:00  INFO 51649 --- [ELK] [main] o.apache.catalina.core.StandardService   : Starting service [Tomcat]
2024-07-30T15:16:15.761+03:00  INFO 51649 --- [ELK] [main] o.apache.catalina.core.StandardEngine    : Starting Servlet engine: [Apache Tomcat/10.1.26]
2024-07-30T15:16:15.783+03:00  INFO 51649 --- [ELK] [main] o.a.c.c.C.[Tomcat].[localhost].[/]       : Initializing Spring embedded WebApplicationContext
2024-07-30T15:16:15.784+03:00  INFO 51649 --- [ELK] [main] w.s.c.ServletWebServerApplicationContext : Root WebApplicationContext: initialization completed in 397 ms
2024-07-30T15:16:15.945+03:00  INFO 51649 --- [ELK] [main] o.s.b.w.embedded.tomcat.TomcatWebServer  : Tomcat started on port 8080 (http) with context path '/'
2024-07-30T15:16:15.951+03:00  INFO 51649 --- [ELK] [main] com.example.elk.ElkApplication           : Started ElkApplication in 0.81 seconds (process running for 1.065)
Hello
